<?xml version="1.0" encoding="UTF-8"?>
<!-- Generated by org.testng.reporters.JUnitReportReporter -->
<testsuite skipped="0" hostname="DESKTOP-HBAN9NH" name="com.bp.saviynt.Forward_SOD_Request_ASP" tests="2" failures="0" timestamp="01 Aug 2019 09:25:36 GMT" time="199.225" errors="0">
  <testcase name="forwardSODRequestTest" time="92.760" classname="com.bp.saviynt.Forward_SOD_Request_ASP"/>
  <testcase name="verifyForwardedSODRequest" time="106.465" classname="com.bp.saviynt.Forward_SOD_Request_ASP"/>
</testsuite> <!-- com.bp.saviynt.Forward_SOD_Request_ASP -->
