<?xml version="1.0" encoding="UTF-8"?>
<!-- Generated by org.testng.reporters.JUnitReportReporter -->
<testsuite skipped="0" hostname="DESKTOP-HBAN9NH" name="com.bp.saviynt.Move_Risk_From_Open_TO_Accepted" tests="1" failures="0" timestamp="12 Jul 2019 09:04:14 GMT" time="157.457" errors="0">
  <testcase name="moveRiskFromOpenToAccepted" time="157.457" classname="com.bp.saviynt.Move_Risk_From_Open_TO_Accepted"/>
</testsuite> <!-- com.bp.saviynt.Move_Risk_From_Open_TO_Accepted -->
