<?xml version="1.0" encoding="UTF-8"?>
<!-- Generated by org.testng.reporters.JUnitReportReporter -->
<testsuite skipped="0" hostname="DESKTOP-HBAN9NH" name="com.bp.saviynt.Assign_Mitigating_Control_Test_ER" tests="3" failures="0" timestamp="20 Aug 2019 10:17:36 GMT" time="230.689" errors="0">
  <testcase name="addMitigatingControlP102" time="83.880" classname="com.bp.saviynt.Assign_Mitigating_Control_Test_ER"/>
  <testcase name="checkRequestStatus" time="47.614" classname="com.bp.saviynt.Assign_Mitigating_Control_Test_ER"/>
  <testcase name="addMitigatingControlF203" time="99.195" classname="com.bp.saviynt.Assign_Mitigating_Control_Test_ER"/>
</testsuite> <!-- com.bp.saviynt.Assign_Mitigating_Control_Test_ER -->
