<?xml version="1.0" encoding="UTF-8"?>
<!-- Generated by org.testng.reporters.JUnitReportReporter -->
<testsuite hostname="DESKTOP-4PA23OJ" name="com.bp.saviynt.SaviyntAnalytics_CreateAnalyticsRunTimeTest" tests="1" failures="0" timestamp="13 Jan 2020 10:51:37 GMT" time="76.808" errors="0">
  <testcase name="createAndViewReportTest" time="76.808" classname="com.bp.saviynt.SaviyntAnalytics_CreateAnalyticsRunTimeTest"/>
</testsuite> <!-- com.bp.saviynt.SaviyntAnalytics_CreateAnalyticsRunTimeTest -->
