<?xml version="1.0" encoding="UTF-8"?>
<!-- Generated by org.testng.reporters.JUnitReportReporter -->
<testsuite skipped="0" hostname="DESKTOP-A4JAS9F" name="com.bp.saviynt.ADD_Enterprise_Role_Request_SOD" tests="1" failures="0" timestamp="22 Oct 2018 06:40:52 GMT" time="303.406" errors="0">
  <testcase name="TC4" time="303.406" classname="com.bp.saviynt.ADD_Enterprise_Role_Request_SOD"/>
</testsuite> <!-- com.bp.saviynt.ADD_Enterprise_Role_Request_SOD -->
