<?xml version="1.0" encoding="UTF-8"?>
<!-- Generated by org.testng.reporters.JUnitReportReporter -->
<testsuite skipped="0" hostname="DESKTOP-HBAN9NH" name="com.bp.saviynt.ViewExistingAccessTest" tests="1" failures="0" timestamp="05 Aug 2019 09:42:32 GMT" time="42.591" errors="0">
  <testcase name="viewExistingAccess" time="42.591" classname="com.bp.saviynt.ViewExistingAccessTest"/>
</testsuite> <!-- com.bp.saviynt.ViewExistingAccessTest -->
