<?xml version="1.0" encoding="UTF-8"?>
<!-- Generated by org.testng.reporters.JUnitReportReporter -->
<testsuite skipped="0" hostname="DESKTOP-HBAN9NH" name="com.bp.saviynt.BP1LicenseMgmtTest_TechRule1" tests="1" failures="0" timestamp="2019-11-20T15:23:30 IST" time="13.854" errors="0">
  <testcase name="printmessage" time="13.854" classname="com.bp.saviynt.BP1LicenseMgmtTest_TechRule1"/>
</testsuite> <!-- com.bp.saviynt.BP1LicenseMgmtTest_TechRule1 -->
