<?xml version="1.0" encoding="UTF-8"?>
<!-- Generated by org.testng.reporters.JUnitReportReporter -->
<testsuite skipped="0" hostname="DESKTOP-HBAN9NH" name="com.bp.saviynt.Forward_SOD_Access_Request_ER" tests="1" failures="0" timestamp="25 Jun 2019 06:16:20 GMT" time="157.494" errors="0">
  <testcase name="verifyForwardedSODRequest" time="157.494" classname="com.bp.saviynt.Forward_SOD_Access_Request_ER"/>
</testsuite> <!-- com.bp.saviynt.Forward_SOD_Access_Request_ER -->
