<?xml version="1.0" encoding="UTF-8"?>
<!-- Generated by org.testng.reporters.JUnitReportReporter -->
<testsuite skipped="0" hostname="DESKTOP-HBAN9NH" name="com.bp.saviynt.RequestApplicationSpecificRoleTest" tests="2" failures="0" timestamp="30 Jul 2019 07:11:36 GMT" time="159.430" errors="0">
  <testcase name="RequestApplicatonSpecificRoles" time="100.651" classname="com.bp.saviynt.RequestApplicationSpecificRoleTest"/>
  <testcase name="viewRequestHistoryTest" time="58.779" classname="com.bp.saviynt.RequestApplicationSpecificRoleTest"/>
</testsuite> <!-- com.bp.saviynt.RequestApplicationSpecificRoleTest -->
