<?xml version="1.0" encoding="UTF-8"?>
<!-- Generated by org.testng.reporters.JUnitReportReporter -->
<testsuite skipped="0" hostname="DESKTOP-HBAN9NH" name="com.bp.saviynt.BP1LicenseMgmtTest_TechRule2" tests="2" failures="0" timestamp="2019-11-22T16:16:09 IST" time="621.525" errors="0">
  <testcase name="checkCreationOfAddAccessTasks" time="309.491" classname="com.bp.saviynt.BP1LicenseMgmtTest_TechRule2"/>
  <testcase name="checkCreationOfRemoveAccessTasks" time="312.034" classname="com.bp.saviynt.BP1LicenseMgmtTest_TechRule2"/>
</testsuite> <!-- com.bp.saviynt.BP1LicenseMgmtTest_TechRule2 -->
