<?xml version="1.0" encoding="UTF-8"?>
<!-- Generated by org.testng.reporters.JUnitReportReporter -->
<testsuite skipped="0" hostname="DESKTOP-HBAN9NH" name="com.bp.saviynt.BP1LicenseManagement_NegativeTests" tests="3" failures="0" timestamp="2019-11-18T14:44:54 IST" time="430.812" errors="0">
  <testcase name="checkUserStatusAndUpdateTest" time="134.758" classname="com.bp.saviynt.BP1LicenseManagement_NegativeTests"/>
  <testcase name="changeEmployeeStatusAndUpdateUserTest" time="152.571" classname="com.bp.saviynt.BP1LicenseManagement_NegativeTests"/>
  <testcase name="changeUserStatusAndCheckTaskCreationTest" time="143.483" classname="com.bp.saviynt.BP1LicenseManagement_NegativeTests"/>
</testsuite> <!-- com.bp.saviynt.BP1LicenseManagement_NegativeTests -->
