<?xml version="1.0" encoding="UTF-8"?>
<!-- Generated by org.testng.reporters.JUnitReportReporter -->
<testsuite skipped="0" hostname="DESKTOP-HBAN9NH" name="com.bp.saviynt.Add_Enterprise_Role_New" tests="3" failures="0" timestamp="22 Apr 2019 09:20:57 GMT" time="189.176" errors="0">
  <testcase name="createRequestAndRoleApproval" time="77.943" classname="com.bp.saviynt.Add_Enterprise_Role_New"/>
  <testcase name="JobTrigger" time="75.690" classname="com.bp.saviynt.Add_Enterprise_Role_New"/>
  <testcase name="validateEndpoints" time="35.543" classname="com.bp.saviynt.Add_Enterprise_Role_New"/>
</testsuite> <!-- com.bp.saviynt.Add_Enterprise_Role_New -->
