<?xml version="1.0" encoding="UTF-8"?>
<!-- Generated by org.testng.reporters.JUnitReportReporter -->
<testsuite skipped="0" hostname="DESKTOP-HBAN9NH" name="com.bp.saviynt.UMT_RequestEnterpriseRoleTest" tests="3" failures="0" timestamp="05 Aug 2019 09:42:32 GMT" time="315.903" errors="0">
  <testcase name="createEndUser" time="112.957" classname="com.bp.saviynt.UMT_RequestEnterpriseRoleTest"/>
  <testcase name="requestEnterpriseRole" time="109.205" classname="com.bp.saviynt.UMT_RequestEnterpriseRoleTest"/>
  <testcase name="viewRequestHistoryTest" time="93.741" classname="com.bp.saviynt.UMT_RequestEnterpriseRoleTest"/>
</testsuite> <!-- com.bp.saviynt.UMT_RequestEnterpriseRoleTest -->
