<?xml version="1.0" encoding="UTF-8"?>
<!-- Generated by org.testng.reporters.JUnitReportReporter -->
<testsuite skipped="0" hostname="DESKTOP-HBAN9NH" name="com.bp.saviynt.Add_Enterprise_Role_R7" tests="3" failures="0" timestamp="02 Apr 2019 10:11:05 GMT" time="329.795" errors="0">
  <testcase name="createRequestAndRoleApproval" time="160.353" classname="com.bp.saviynt.Add_Enterprise_Role_R7"/>
  <testcase name="scheduleJob" time="96.316" classname="com.bp.saviynt.Add_Enterprise_Role_R7"/>
  <testcase name="validateEntitlements" time="73.126" classname="com.bp.saviynt.Add_Enterprise_Role_R7"/>
</testsuite> <!-- com.bp.saviynt.Add_Enterprise_Role_R7 -->
