<?xml version="1.0" encoding="UTF-8"?>
<!-- Generated by org.testng.reporters.JUnitReportReporter -->
<testsuite skipped="0" hostname="DESKTOP-HBAN9NH" name="com.bp.saviynt.SOD_Recalculation_ER" tests="1" failures="0" timestamp="20 Aug 2019 11:46:02 GMT" time="124.902" errors="0">
  <testcase name="addMitigatingControls" time="124.902" classname="com.bp.saviynt.SOD_Recalculation_ER"/>
</testsuite> <!-- com.bp.saviynt.SOD_Recalculation_ER -->
