<?xml version="1.0" encoding="UTF-8"?>
<!-- Generated by org.testng.reporters.JUnitReportReporter -->
<testsuite skipped="0" hostname="DESKTOP-HBAN9NH" name="com.bp.saviynt.Existing_User_Modify_Account" tests="3" failures="0" timestamp="01 Apr 2019 05:39:36 GMT" time="163.196" errors="0">
  <testcase name="createRequestAndEndpointApprove" time="91.575" classname="com.bp.saviynt.Existing_User_Modify_Account"/>
  <testcase name="scheduleJob" time="37.894" classname="com.bp.saviynt.Existing_User_Modify_Account"/>
  <testcase name="validateEntitlements" time="33.727" classname="com.bp.saviynt.Existing_User_Modify_Account"/>
</testsuite> <!-- com.bp.saviynt.Existing_User_Modify_Account -->
