<?xml version="1.0" encoding="UTF-8"?>
<!-- Generated by org.testng.reporters.JUnitReportReporter -->
<testsuite skipped="0" hostname="DESKTOP-HBAN9NH" name="com.bp.saviynt.Existing_User_Remove_Salesforce_Application_Access" tests="3" failures="0" timestamp="01 Apr 2019 06:31:07 GMT" time="191.032" errors="0">
  <testcase name="createRequestAndEndpointApprove" time="78.191" classname="com.bp.saviynt.Existing_User_Remove_Salesforce_Application_Access"/>
  <testcase name="scheduleJob" time="68.270" classname="com.bp.saviynt.Existing_User_Remove_Salesforce_Application_Access"/>
  <testcase name="validateEntitlements" time="44.571" classname="com.bp.saviynt.Existing_User_Remove_Salesforce_Application_Access"/>
</testsuite> <!-- com.bp.saviynt.Existing_User_Remove_Salesforce_Application_Access -->
