<?xml version="1.0" encoding="UTF-8"?>
<!-- Generated by org.testng.reporters.JUnitReportReporter -->
<testsuite skipped="0" hostname="DESKTOP-HBAN9NH" name="com.bp.saviynt.BP1LicenseManagementTest" tests="1" failures="0" timestamp="2019-11-11T11:13:40 IST" time="170.088" errors="0">
  <testcase name="BP1LicenseManagementTest" time="170.088" classname="com.bp.saviynt.BP1LicenseManagementTest"/>
</testsuite> <!-- com.bp.saviynt.BP1LicenseManagementTest -->
