<?xml version="1.0" encoding="UTF-8"?>
<!-- Generated by org.testng.reporters.JUnitReportReporter -->
<testsuite skipped="0" hostname="DESKTOP-HBAN9NH" name="com.bp.saviynt.ADD_Enterprise_Role_Request_Escalation_And_Rejection" tests="3" failures="0" timestamp="25 Apr 2019 06:14:45 GMT" time="457.042" errors="0">
  <testcase name="TC2" time="284.874" classname="com.bp.saviynt.ADD_Enterprise_Role_Request_Escalation_And_Rejection"/>
  <testcase name="completePendingTaskTest" time="135.870" classname="com.bp.saviynt.ADD_Enterprise_Role_Request_Escalation_And_Rejection"/>
  <testcase name="validateEndPoints" time="36.298" classname="com.bp.saviynt.ADD_Enterprise_Role_Request_Escalation_And_Rejection"/>
</testsuite> <!-- com.bp.saviynt.ADD_Enterprise_Role_Request_Escalation_And_Rejection -->
