<?xml version="1.0" encoding="UTF-8"?>
<!-- Generated by org.testng.reporters.JUnitReportReporter -->
<testsuite skipped="0" hostname="DESKTOP-HBAN9NH" name="com.bp.saviynt.Add_Enterprise_Role_R6" tests="4" failures="0" timestamp="05 Sep 2019 10:10:19 GMT" time="257.678" errors="0">
  <testcase name="createEndUser" time="83.016" classname="com.bp.saviynt.Add_Enterprise_Role_R6"/>
  <testcase name="createRequestAndRoleApproval" time="85.777" classname="com.bp.saviynt.Add_Enterprise_Role_R6"/>
  <testcase name="scheduleJob" time="61.394" classname="com.bp.saviynt.Add_Enterprise_Role_R6"/>
  <testcase name="validateEntitlements" time="27.491" classname="com.bp.saviynt.Add_Enterprise_Role_R6"/>
</testsuite> <!-- com.bp.saviynt.Add_Enterprise_Role_R6 -->
