<?xml version="1.0" encoding="UTF-8"?>
<!-- Generated by org.testng.reporters.JUnitReportReporter -->
<testsuite skipped="0" hostname="DESKTOP-HBAN9NH" name="com.bp.saviynt.Add_Enterprise_Role_R7" tests="3" failures="0" timestamp="30 Aug 2019 06:34:18 GMT" time="133.728" errors="0">
  <testcase name="createRequest" time="73.999" classname="com.bp.saviynt.Add_Enterprise_Role_R7"/>
  <testcase name="scheduleJob" time="30.816" classname="com.bp.saviynt.Add_Enterprise_Role_R7"/>
  <testcase name="validateEntitlements" time="28.913" classname="com.bp.saviynt.Add_Enterprise_Role_R7"/>
</testsuite> <!-- com.bp.saviynt.Add_Enterprise_Role_R7 -->
