<?xml version="1.0" encoding="UTF-8"?>
<!-- Generated by org.testng.reporters.JUnitReportReporter -->
<testsuite skipped="0" hostname="DESKTOP-HBAN9NH" name="com.bp.saviynt.RequestEnterpriseRoleTest" tests="2" failures="0" timestamp="30 Jul 2019 07:05:26 GMT" time="142.072" errors="0">
  <testcase name="enterpriseRoleRequestTest" time="80.597" classname="com.bp.saviynt.RequestEnterpriseRoleTest"/>
  <testcase name="viewRequestHistoryTest" time="61.475" classname="com.bp.saviynt.RequestEnterpriseRoleTest"/>
</testsuite> <!-- com.bp.saviynt.RequestEnterpriseRoleTest -->
