<?xml version="1.0" encoding="UTF-8"?>
<!-- Generated by org.testng.reporters.JUnitReportReporter -->
<testsuite skipped="0" hostname="DESKTOP-HBAN9NH" name="com.bp.saviynt.NewUser_Add_Group_Permission_Profile" tests="4" failures="0" timestamp="20 Mar 2019 09:02:17 GMT" time="547.238" errors="0">
  <testcase name="createEndUser" time="101.529" classname="com.bp.saviynt.NewUser_Add_Group_Permission_Profile"/>
  <testcase name="createRequestAndEndpointApprove" time="206.999" classname="com.bp.saviynt.NewUser_Add_Group_Permission_Profile"/>
  <testcase name="scheduleJob" time="192.983" classname="com.bp.saviynt.NewUser_Add_Group_Permission_Profile"/>
  <testcase name="validateEntitlements" time="45.727" classname="com.bp.saviynt.NewUser_Add_Group_Permission_Profile"/>
</testsuite> <!-- com.bp.saviynt.NewUser_Add_Group_Permission_Profile -->
