<?xml version="1.0" encoding="UTF-8"?>
<!-- Generated by org.testng.reporters.JUnitReportReporter -->
<testsuite skipped="0" hostname="DESKTOP-HBAN9NH" name="com.bp.saviynt.NewUser_Add_Group_Permission_Profile" tests="4" failures="0" timestamp="22 Apr 2019 06:45:58 GMT" time="316.549" errors="0">
  <testcase name="createEndUser" time="89.534" classname="com.bp.saviynt.NewUser_Add_Group_Permission_Profile"/>
  <testcase name="createRequestAndEndpointApprove" time="143.864" classname="com.bp.saviynt.NewUser_Add_Group_Permission_Profile"/>
  <testcase name="scheduleJob" time="41.546" classname="com.bp.saviynt.NewUser_Add_Group_Permission_Profile"/>
  <testcase name="validateEntitlements" time="41.605" classname="com.bp.saviynt.NewUser_Add_Group_Permission_Profile"/>
</testsuite> <!-- com.bp.saviynt.NewUser_Add_Group_Permission_Profile -->
