<?xml version="1.0" encoding="UTF-8"?>
<!-- Generated by org.testng.reporters.JUnitReportReporter -->
<testsuite skipped="0" hostname="DESKTOP-HBAN9NH" name="com.bp.saviynt.Forward_SOD_Request_ER" tests="2" failures="0" timestamp="20 Aug 2019 07:45:09 GMT" time="186.411" errors="0">
  <testcase name="forwardSODRequest" time="76.432" classname="com.bp.saviynt.Forward_SOD_Request_ER"/>
  <testcase name="verifyForwardedSODRequest" time="109.979" classname="com.bp.saviynt.Forward_SOD_Request_ER"/>
</testsuite> <!-- com.bp.saviynt.Forward_SOD_Request_ER -->
