<?xml version="1.0" encoding="UTF-8"?>
<!-- Generated by org.testng.reporters.JUnitReportReporter -->
<testsuite skipped="0" hostname="DESKTOP-HBAN9NH" name="com.bp.saviynt.SetUpDelegatesTest" tests="1" failures="0" timestamp="20 Jun 2019 11:16:35 GMT" time="85.565" errors="0">
  <testcase name="setUpDelegates" time="85.565" classname="com.bp.saviynt.SetUpDelegatesTest"/>
</testsuite> <!-- com.bp.saviynt.SetUpDelegatesTest -->
