<?xml version="1.0" encoding="UTF-8"?>
<!-- Generated by org.testng.reporters.JUnitReportReporter -->
<testsuite skipped="0" hostname="DESKTOP-HBAN9NH" name="com.bp.saviynt.Mitigated_SOD_Risk_Test" tests="1" failures="0" timestamp="25 Jun 2019 07:16:03 GMT" time="65.570" errors="0">
  <testcase name="verifyMitigatedStatusForP206" time="65.570" classname="com.bp.saviynt.Mitigated_SOD_Risk_Test"/>
</testsuite> <!-- com.bp.saviynt.Mitigated_SOD_Risk_Test -->
