<?xml version="1.0" encoding="UTF-8"?>
<!-- Generated by org.testng.reporters.JUnitReportReporter -->
<testsuite skipped="0" hostname="DESKTOP-HBAN9NH" name="com.bp.saviynt.Mass_Mitigation_Test" tests="1" failures="0" timestamp="21 Aug 2019 09:19:40 GMT" time="153.541" errors="0">
  <testcase name="massMitigationTest" time="153.541" classname="com.bp.saviynt.Mass_Mitigation_Test"/>
</testsuite> <!-- com.bp.saviynt.Mass_Mitigation_Test -->
