<?xml version="1.0" encoding="UTF-8"?>
<!-- Generated by org.testng.reporters.JUnitReportReporter -->
<testsuite skipped="0" hostname="DESKTOP-HBAN9NH" name="com.bp.saviynt.Existing_Mitigated_SOD_Risk_Test_ER" tests="1" failures="0" timestamp="20 Aug 2019 09:53:38 GMT" time="79.170" errors="0">
  <testcase name="verifyMitigatedStatusForP206" time="79.170" classname="com.bp.saviynt.Existing_Mitigated_SOD_Risk_Test_ER"/>
</testsuite> <!-- com.bp.saviynt.Existing_Mitigated_SOD_Risk_Test_ER -->
