<?xml version="1.0" encoding="UTF-8"?>
<!-- Generated by org.testng.reporters.JUnitReportReporter -->
<testsuite skipped="0" hostname="DESKTOP-HBAN9NH" name="com.bp.saviynt.ADD_Enterprise_Role_Request_Basic_Test" tests="3" failures="0" timestamp="23 May 2019 09:42:22 GMT" time="616.435" errors="0">
  <testcase name="createRequestAndRoleApproval" time="354.220" classname="com.bp.saviynt.ADD_Enterprise_Role_Request_Basic_Test"/>
  <testcase name="completePendingTaskTest" time="180.707" classname="com.bp.saviynt.ADD_Enterprise_Role_Request_Basic_Test"/>
  <testcase name="validateEndpoints" time="81.508" classname="com.bp.saviynt.ADD_Enterprise_Role_Request_Basic_Test"/>
</testsuite> <!-- com.bp.saviynt.ADD_Enterprise_Role_Request_Basic_Test -->
