<?xml version="1.0" encoding="UTF-8"?>
<!-- Generated by org.testng.reporters.JUnitReportReporter -->
<testsuite skipped="0" hostname="DESKTOP-HBAN9NH" name="com.bp.saviynt.ADD_Enterprise_Role_Request_Escalation_And_Rejection" tests="3" failures="0" timestamp="16 Aug 2019 09:25:25 GMT" time="371.846" errors="0">
  <testcase name="TC2" time="271.842" classname="com.bp.saviynt.ADD_Enterprise_Role_Request_Escalation_And_Rejection"/>
  <testcase name="scheduleJob" time="64.521" classname="com.bp.saviynt.ADD_Enterprise_Role_Request_Escalation_And_Rejection"/>
  <testcase name="validateEndPoints" time="35.483" classname="com.bp.saviynt.ADD_Enterprise_Role_Request_Escalation_And_Rejection"/>
</testsuite> <!-- com.bp.saviynt.ADD_Enterprise_Role_Request_Escalation_And_Rejection -->
