<?xml version="1.0" encoding="UTF-8"?>
<!-- Generated by org.testng.reporters.JUnitReportReporter -->
<testsuite skipped="0" hostname="DESKTOP-HBAN9NH" name="com.bp.saviynt.UpdateDLTest" tests="1" failures="0" timestamp="2019-10-10T17:08:10 IST" time="37.538" errors="0">
  <testcase name="runJobToImportUser" time="37.538" classname="com.bp.saviynt.UpdateDLTest"/>
</testsuite> <!-- com.bp.saviynt.UpdateDLTest -->
