<?xml version="1.0" encoding="UTF-8"?>
<!-- Generated by org.testng.reporters.JUnitReportReporter -->
<testsuite skipped="0" hostname="DESKTOP-HBAN9NH" name="com.bp.saviynt.UMT_RequestApplicationSpecificRole" tests="2" failures="0" timestamp="31 Jul 2019 09:33:53 GMT" time="340.185" errors="0">
  <testcase name="requestApplicationSpecificRole" time="186.731" classname="com.bp.saviynt.UMT_RequestApplicationSpecificRole"/>
  <testcase name="viewRequestHistoryTest" time="153.454" classname="com.bp.saviynt.UMT_RequestApplicationSpecificRole"/>
</testsuite> <!-- com.bp.saviynt.UMT_RequestApplicationSpecificRole -->
