<?xml version="1.0" encoding="UTF-8"?>
<!-- Generated by org.testng.reporters.JUnitReportReporter -->
<testsuite skipped="0" hostname="DESKTOP-HBAN9NH" name="com.bp.saviynt.NewUser_Add_Group_Permission_Profile" tests="4" failures="0" timestamp="16 Aug 2019 07:48:58 GMT" time="246.393" errors="0">
  <testcase name="createEndUser" time="69.968" classname="com.bp.saviynt.NewUser_Add_Group_Permission_Profile"/>
  <testcase name="createRequest" time="89.411" classname="com.bp.saviynt.NewUser_Add_Group_Permission_Profile"/>
  <testcase name="scheduleJob" time="49.582" classname="com.bp.saviynt.NewUser_Add_Group_Permission_Profile"/>
  <testcase name="validateEntitlements" time="37.432" classname="com.bp.saviynt.NewUser_Add_Group_Permission_Profile"/>
</testsuite> <!-- com.bp.saviynt.NewUser_Add_Group_Permission_Profile -->
