<?xml version="1.0" encoding="UTF-8"?>
<!-- Generated by org.testng.reporters.JUnitReportReporter -->
<testsuite skipped="0" hostname="DESKTOP-HBAN9NH" name="com.bp.saviynt.WelcomeMessageAndHomePageValidation" tests="2" failures="0" timestamp="31 Jul 2019 09:02:45 GMT" time="357.742" errors="0">
  <testcase name="createEndUser" time="178.351" classname="com.bp.saviynt.WelcomeMessageAndHomePageValidation"/>
  <testcase name="verifyWelcomeMessage" time="179.391" classname="com.bp.saviynt.WelcomeMessageAndHomePageValidation"/>
</testsuite> <!-- com.bp.saviynt.WelcomeMessageAndHomePageValidation -->
