<?xml version="1.0" encoding="UTF-8"?>
<!-- Generated by org.testng.reporters.JUnitReportReporter -->
<testsuite skipped="0" hostname="DESKTOP-HBAN9NH" name="com.bp.saviynt.NewUser_Add_Group_Permission_Profile" tests="3" failures="0" timestamp="21 Jan 2019 06:32:47 GMT" time="259.375" errors="0">
  <testcase name="createRequestAndEndpointApprove" time="144.065" classname="com.bp.saviynt.NewUser_Add_Group_Permission_Profile"/>
  <testcase name="scheduleJob" time="78.420" classname="com.bp.saviynt.NewUser_Add_Group_Permission_Profile"/>
  <testcase name="validateEntitlements" time="36.890" classname="com.bp.saviynt.NewUser_Add_Group_Permission_Profile"/>
</testsuite> <!-- com.bp.saviynt.NewUser_Add_Group_Permission_Profile -->
