<?xml version="1.0" encoding="UTF-8"?>
<!-- Generated by org.testng.reporters.JUnitReportReporter -->
<testsuite skipped="0" hostname="DESKTOP-HBAN9NH" name="com.bp.saviynt.Add_Enterprise_Role_R6" tests="4" failures="0" timestamp="02 Apr 2019 10:11:05 GMT" time="712.353" errors="0">
  <testcase name="createEndUser" time="168.672" classname="com.bp.saviynt.Add_Enterprise_Role_R6"/>
  <testcase name="createRequestAndRoleApproval" time="248.682" classname="com.bp.saviynt.Add_Enterprise_Role_R6"/>
  <testcase name="scheduleJob" time="175.803" classname="com.bp.saviynt.Add_Enterprise_Role_R6"/>
  <testcase name="validateEntitlements" time="119.196" classname="com.bp.saviynt.Add_Enterprise_Role_R6"/>
</testsuite> <!-- com.bp.saviynt.Add_Enterprise_Role_R6 -->
