<?xml version="1.0" encoding="UTF-8"?>
<!-- Generated by org.testng.reporters.JUnitReportReporter -->
<testsuite skipped="0" hostname="DESKTOP-HBAN9NH" name="com.bp.saviynt.WelcomeMessageAndHomePageTest" tests="2" failures="0" timestamp="21 Jun 2019 05:32:37 GMT" time="132.490" errors="0">
  <testcase name="createEndUser" time="95.874" classname="com.bp.saviynt.WelcomeMessageAndHomePageTest"/>
  <testcase name="verifyWelcomeMessage" time="36.616" classname="com.bp.saviynt.WelcomeMessageAndHomePageTest"/>
</testsuite> <!-- com.bp.saviynt.WelcomeMessageAndHomePageTest -->
