<?xml version="1.0" encoding="UTF-8"?>
<!-- Generated by org.testng.reporters.JUnitReportReporter -->
<testsuite skipped="0" hostname="DESKTOP-HBAN9NH" name="com.bp.saviynt.Existing_User_Modify_Account" tests="3" failures="0" timestamp="21 Jan 2019 06:32:46 GMT" time="247.353" errors="0">
  <testcase name="createRequestAndEndpointApprove" time="146.613" classname="com.bp.saviynt.Existing_User_Modify_Account"/>
  <testcase name="scheduleJob" time="62.417" classname="com.bp.saviynt.Existing_User_Modify_Account"/>
  <testcase name="validateEntitlements" time="38.323" classname="com.bp.saviynt.Existing_User_Modify_Account"/>
</testsuite> <!-- com.bp.saviynt.Existing_User_Modify_Account -->
