<?xml version="1.0" encoding="UTF-8"?>
<!-- Generated by org.testng.reporters.JUnitReportReporter -->
<testsuite skipped="0" hostname="DESKTOP-HBAN9NH" name="com.bp.saviynt.SaviyntAnalytics_ViewAnalyticsTest" tests="1" failures="0" timestamp="2020-01-08T18:56:07 IST" time="60.386" errors="0">
  <testcase name="viewAnalyticsTest" time="60.386" classname="com.bp.saviynt.SaviyntAnalytics_ViewAnalyticsTest"/>
</testsuite> <!-- com.bp.saviynt.SaviyntAnalytics_ViewAnalyticsTest -->
