<?xml version="1.0" encoding="UTF-8"?>
<!-- Generated by org.testng.reporters.JUnitReportReporter -->
<testsuite skipped="0" hostname="DESKTOP-HBAN9NH" name="com.bp.saviynt.Add_Enterprise_Role_R6" tests="1" failures="0" timestamp="13 Mar 2019 07:59:58 GMT" time="55.968" errors="0">
  <testcase name="validateEntitlements" time="55.968" classname="com.bp.saviynt.Add_Enterprise_Role_R6"/>
</testsuite> <!-- com.bp.saviynt.Add_Enterprise_Role_R6 -->
