<?xml version="1.0" encoding="UTF-8"?>
<!-- Generated by org.testng.reporters.JUnitReportReporter -->
<testsuite skipped="0" hostname="DESKTOP-HBAN9NH" name="com.bp.saviynt.Validate_AddMitigatingControlButton_TaskHistory_For_ASPRoles" tests="2" failures="0" timestamp="21 Aug 2019 05:30:48 GMT" time="399.519" errors="0">
  <testcase name="createRequestForApplicationSpecificRoleAndRoleApproval" time="328.781" classname="com.bp.saviynt.Validate_AddMitigatingControlButton_TaskHistory_For_ASPRoles"/>
  <testcase name="validateTaskHistory" time="70.738" classname="com.bp.saviynt.Validate_AddMitigatingControlButton_TaskHistory_For_ASPRoles"/>
</testsuite> <!-- com.bp.saviynt.Validate_AddMitigatingControlButton_TaskHistory_For_ASPRoles -->
