<?xml version="1.0" encoding="UTF-8"?>
<!-- Generated by org.testng.reporters.JUnitReportReporter -->
<testsuite skipped="0" hostname="DESKTOP-HBAN9NH" name="com.bp.saviynt.Remove_Assigned_Mitigating_Control" tests="1" failures="0" timestamp="05 Jul 2019 10:20:28 GMT" time="80.981" errors="0">
  <testcase name="removeMCP106Test" time="80.981" classname="com.bp.saviynt.Remove_Assigned_Mitigating_Control"/>
</testsuite> <!-- com.bp.saviynt.Remove_Assigned_Mitigating_Control -->
