<?xml version="1.0" encoding="UTF-8"?>
<!-- Generated by org.testng.reporters.JUnitReportReporter -->
<testsuite skipped="0" hostname="DESKTOP-HBAN9NH" name="com.bp.saviynt.ADD_Enterprise_Role_Request_Basic_Test" tests="3" failures="0" timestamp="06 Sep 2019 04:10:53 GMT" time="621.863" errors="0">
  <testcase name="createRequestAndRoleApproval" time="276.092" classname="com.bp.saviynt.ADD_Enterprise_Role_Request_Basic_Test"/>
  <testcase name="validateEndpoints" time="54.896" classname="com.bp.saviynt.ADD_Enterprise_Role_Request_Basic_Test"/>
  <testcase name="completePendingTaskTest" time="290.875" classname="com.bp.saviynt.ADD_Enterprise_Role_Request_Basic_Test"/>
</testsuite> <!-- com.bp.saviynt.ADD_Enterprise_Role_Request_Basic_Test -->
