<?xml version="1.0" encoding="UTF-8"?>
<!-- Generated by org.testng.reporters.JUnitReportReporter -->
<testsuite skipped="0" hostname="DESKTOP-HBAN9NH" name="com.bp.saviynt.Remove_Enterprise_Role_R6andR7" tests="3" failures="0" timestamp="02 Apr 2019 10:11:05 GMT" time="265.205" errors="0">
  <testcase name="RemoveRoleR6andR7" time="104.253" classname="com.bp.saviynt.Remove_Enterprise_Role_R6andR7"/>
  <testcase name="scheduleJob" time="81.697" classname="com.bp.saviynt.Remove_Enterprise_Role_R6andR7"/>
  <testcase name="validateEntitlements" time="79.255" classname="com.bp.saviynt.Remove_Enterprise_Role_R6andR7"/>
</testsuite> <!-- com.bp.saviynt.Remove_Enterprise_Role_R6andR7 -->
