<?xml version="1.0" encoding="UTF-8"?>
<!-- Generated by org.testng.reporters.JUnitReportReporter -->
<testsuite skipped="0" hostname="DESKTOP-HBAN9NH" name="com.bp.saviynt.UMT_WelcomeMessageAndHomePageValidation" tests="1" failures="0" timestamp="31 Jul 2019 06:03:55 GMT" time="142.304" errors="0">
  <testcase name="verifyWelcomeMessage" time="142.304" classname="com.bp.saviynt.UMT_WelcomeMessageAndHomePageValidation"/>
</testsuite> <!-- com.bp.saviynt.UMT_WelcomeMessageAndHomePageValidation -->
