<?xml version="1.0" encoding="UTF-8"?>
<!-- Generated by org.testng.reporters.JUnitReportReporter -->
<testsuite skipped="0" hostname="DESKTOP-HBAN9NH" name="com.bp.saviynt.UMT_ViewExistingAccessTest" tests="1" failures="0" timestamp="31 Jul 2019 07:47:28 GMT" time="122.851" errors="0">
  <testcase name="viewExisitingTest" time="122.851" classname="com.bp.saviynt.UMT_ViewExistingAccessTest"/>
</testsuite> <!-- com.bp.saviynt.UMT_ViewExistingAccessTest -->
