<?xml version="1.0" encoding="UTF-8"?>
<!-- Generated by org.testng.reporters.JUnitReportReporter -->
<testsuite skipped="0" hostname="DESKTOP-HBAN9NH" name="com.bp.saviynt.Validate_AddMitigatingControl_Button_And_TaskHistory" tests="3" failures="0" timestamp="04 Jul 2019 07:03:34 GMT" time="770.395" errors="0">
  <testcase name="createRequestForSODApprovalTest" time="161.125" classname="com.bp.saviynt.Validate_AddMitigatingControl_Button_And_TaskHistory"/>
  <testcase name="requestApprovalByRoleApproverAndTrainingApprover" time="365.006" classname="com.bp.saviynt.Validate_AddMitigatingControl_Button_And_TaskHistory"/>
  <testcase name="requestApprovalBySODApprover" time="244.264" classname="com.bp.saviynt.Validate_AddMitigatingControl_Button_And_TaskHistory"/>
</testsuite> <!-- com.bp.saviynt.Validate_AddMitigatingControl_Button_And_TaskHistory -->
