<?xml version="1.0" encoding="UTF-8"?>
<!-- Generated by org.testng.reporters.JUnitReportReporter -->
<testsuite skipped="0" hostname="DESKTOP-HBAN9NH" name="com.bp.saviynt.Remove_Enterprise_Role_R6andR7" tests="3" failures="0" timestamp="18 Mar 2019 05:15:41 GMT" time="131.904" errors="0">
  <testcase name="RemoveRoleR6andR7" time="48.746" classname="com.bp.saviynt.Remove_Enterprise_Role_R6andR7"/>
  <testcase name="scheduleJob" time="46.641" classname="com.bp.saviynt.Remove_Enterprise_Role_R6andR7"/>
  <testcase name="validateEntitlements" time="36.517" classname="com.bp.saviynt.Remove_Enterprise_Role_R6andR7"/>
</testsuite> <!-- com.bp.saviynt.Remove_Enterprise_Role_R6andR7 -->
