<?xml version="1.0" encoding="UTF-8"?>
<!-- Generated by org.testng.reporters.JUnitReportReporter -->
<testsuite skipped="0" hostname="DESKTOP-HBAN9NH" name="com.bp.saviynt.SOD_Recalculation_ASP" tests="1" failures="0" timestamp="01 Aug 2019 10:14:37 GMT" time="241.138" errors="0">
  <testcase name="sodRejectionAndRecalculation" time="241.138" classname="com.bp.saviynt.SOD_Recalculation_ASP"/>
</testsuite> <!-- com.bp.saviynt.SOD_Recalculation_ASP -->
