<?xml version="1.0" encoding="UTF-8"?>
<!-- Generated by org.testng.reporters.JUnitReportReporter -->
<testsuite skipped="0" hostname="DESKTOP-HBAN9NH" name="com.bp.saviynt.UMT_RequestEnterpriseRoleTest" tests="1" failures="0" timestamp="31 Jul 2019 06:25:31 GMT" time="188.707" errors="0">
  <testcase name="requestEnterpriseRole" time="188.707" classname="com.bp.saviynt.UMT_RequestEnterpriseRoleTest"/>
</testsuite> <!-- com.bp.saviynt.UMT_RequestEnterpriseRoleTest -->
