<?xml version="1.0" encoding="UTF-8"?>
<!-- Generated by org.testng.reporters.JUnitReportReporter -->
<testsuite skipped="0" hostname="DESKTOP-HBAN9NH" name="com.bp.saviynt.UMT_RequestEnterpriseRoleTest" tests="1" failures="0" timestamp="2019-11-19T10:07:23 IST" time="41.916" errors="0">
  <testcase name="requestEnterpriseRoleForExternalPerson" time="41.916" classname="com.bp.saviynt.UMT_RequestEnterpriseRoleTest"/>
</testsuite> <!-- com.bp.saviynt.UMT_RequestEnterpriseRoleTest -->
