<?xml version="1.0" encoding="UTF-8"?>
<!-- Generated by org.testng.reporters.JUnitReportReporter -->
<testsuite skipped="0" hostname="DESKTOP-HBAN9NH" name="com.bp.saviynt.ViewExistingAccessTest" tests="1" failures="0" timestamp="20 Jun 2019 11:16:35 GMT" time="35.239" errors="0">
  <testcase name="viewExistingAccess" time="35.239" classname="com.bp.saviynt.ViewExistingAccessTest"/>
</testsuite> <!-- com.bp.saviynt.ViewExistingAccessTest -->
