<?xml version="1.0" encoding="UTF-8"?>
<!-- Generated by org.testng.reporters.JUnitReportReporter -->
<testsuite skipped="0" hostname="DESKTOP-HBAN9NH" name="com.bp.saviynt.Mass_Mitigation_Test" tests="1" failures="0" timestamp="18 Jul 2019 07:11:48 GMT" time="125.603" errors="0">
  <testcase name="massMitigationTest" time="125.603" classname="com.bp.saviynt.Mass_Mitigation_Test"/>
</testsuite> <!-- com.bp.saviynt.Mass_Mitigation_Test -->
