<?xml version="1.0" encoding="UTF-8"?>
<!-- Generated by org.testng.reporters.JUnitReportReporter -->
<testsuite skipped="0" hostname="DESKTOP-HBAN9NH" name="com.bp.saviynt.Assign_Mitigating_Control_Test_ER" tests="1" failures="0" timestamp="05 Jul 2019 09:58:02 GMT" time="261.360" errors="0">
  <testcase name="addMitigatingControlF203" time="261.360" classname="com.bp.saviynt.Assign_Mitigating_Control_Test_ER"/>
</testsuite> <!-- com.bp.saviynt.Assign_Mitigating_Control_Test_ER -->
