<?xml version="1.0" encoding="UTF-8"?>
<!-- Generated by org.testng.reporters.JUnitReportReporter -->
<testsuite skipped="0" hostname="DESKTOP-HBAN9NH" name="com.bp.saviynt.RequestApplicationSpecificRoleTest" tests="2" failures="0" timestamp="05 Aug 2019 09:42:32 GMT" time="150.686" errors="0">
  <testcase name="RequestApplicatonSpecificRoles" time="87.959" classname="com.bp.saviynt.RequestApplicationSpecificRoleTest"/>
  <testcase name="viewRequestHistoryTest" time="62.727" classname="com.bp.saviynt.RequestApplicationSpecificRoleTest"/>
</testsuite> <!-- com.bp.saviynt.RequestApplicationSpecificRoleTest -->
