<?xml version="1.0" encoding="UTF-8"?>
<!-- Generated by org.testng.reporters.JUnitReportReporter -->
<testsuite skipped="0" hostname="DESKTOP-HBAN9NH" name="com.bp.saviynt.ADD_Enterprise_Role_Request_Escalation_And_Rejection" tests="3" failures="0" timestamp="01 Mar 2019 06:44:48 GMT" time="341.513" errors="0">
  <testcase name="TC2" time="256.542" classname="com.bp.saviynt.ADD_Enterprise_Role_Request_Escalation_And_Rejection"/>
  <testcase name="scheduleJob" time="48.014" classname="com.bp.saviynt.ADD_Enterprise_Role_Request_Escalation_And_Rejection"/>
  <testcase name="validateEndPoints" time="36.957" classname="com.bp.saviynt.ADD_Enterprise_Role_Request_Escalation_And_Rejection"/>
</testsuite> <!-- com.bp.saviynt.ADD_Enterprise_Role_Request_Escalation_And_Rejection -->
