<?xml version="1.0" encoding="UTF-8"?>
<!-- Generated by org.testng.reporters.JUnitReportReporter -->
<testsuite skipped="0" hostname="DESKTOP-HBAN9NH" name="com.bp.saviynt.UMT_SetUpDelegatesTest" tests="1" failures="0" timestamp="31 Jul 2019 09:13:13 GMT" time="156.769" errors="0">
  <testcase name="setUpDelegatesList" time="156.769" classname="com.bp.saviynt.UMT_SetUpDelegatesTest"/>
</testsuite> <!-- com.bp.saviynt.UMT_SetUpDelegatesTest -->
