<?xml version="1.0" encoding="UTF-8"?>
<!-- Generated by org.testng.reporters.JUnitReportReporter -->
<testsuite skipped="0" hostname="DESKTOP-HBAN9NH" name="com.bp.saviynt.NewUser_Add_Group_Permission_Profile" tests="3" failures="0" timestamp="22 Feb 2019 09:12:29 GMT" time="237.533" errors="0">
  <testcase name="createRequestAndEndpointApprove" time="142.534" classname="com.bp.saviynt.NewUser_Add_Group_Permission_Profile"/>
  <testcase name="scheduleJob" time="47.647" classname="com.bp.saviynt.NewUser_Add_Group_Permission_Profile"/>
  <testcase name="validateEntitlements" time="47.352" classname="com.bp.saviynt.NewUser_Add_Group_Permission_Profile"/>
</testsuite> <!-- com.bp.saviynt.NewUser_Add_Group_Permission_Profile -->
