<?xml version="1.0" encoding="UTF-8"?>
<!-- Generated by org.testng.reporters.JUnitReportReporter -->
<testsuite skipped="0" hostname="DESKTOP-HBAN9NH" name="com.bp.saviynt.Remove_Enterprise_Role_R6andR7" tests="3" failures="0" timestamp="12 Mar 2019 11:05:52 GMT" time="159.671" errors="0">
  <testcase name="RemoveRoleR6andR7" time="63.622" classname="com.bp.saviynt.Remove_Enterprise_Role_R6andR7"/>
  <testcase name="scheduleJob" time="56.291" classname="com.bp.saviynt.Remove_Enterprise_Role_R6andR7"/>
  <testcase name="validateEntitlements" time="39.758" classname="com.bp.saviynt.Remove_Enterprise_Role_R6andR7"/>
</testsuite> <!-- com.bp.saviynt.Remove_Enterprise_Role_R6andR7 -->
