<?xml version="1.0" encoding="UTF-8"?>
<!-- Generated by org.testng.reporters.JUnitReportReporter -->
<testsuite hostname="DESKTOP-4PA23OJ" name="com.bp.saviynt.SaviyntAnalytics_CreateAnalyticsSearchable" tests="1" failures="0" timestamp="18 Jan 2020 12:58:56 GMT" time="61.940" errors="0">
  <testcase name="createAndViewReportTest" time="61.940" classname="com.bp.saviynt.SaviyntAnalytics_CreateAnalyticsSearchable"/>
</testsuite> <!-- com.bp.saviynt.SaviyntAnalytics_CreateAnalyticsSearchable -->
