<?xml version="1.0" encoding="UTF-8"?>
<!-- Generated by org.testng.reporters.JUnitReportReporter -->
<testsuite skipped="0" hostname="DESKTOP-HBAN9NH" name="com.bp.saviynt.LogOut" tests="1" failures="0" timestamp="05 Feb 2019 08:40:37 GMT" time="24.301" errors="0">
  <testcase name="test" time="24.301" classname="com.bp.saviynt.LogOut"/>
</testsuite> <!-- com.bp.saviynt.LogOut -->
