<?xml version="1.0" encoding="UTF-8"?>
<!-- Generated by org.testng.reporters.JUnitReportReporter -->
<testsuite skipped="0" hostname="DESKTOP-HBAN9NH" name="com.bp.saviynt.ADD_Enterprise_Role_Request_SOD" tests="1" failures="0" timestamp="30 Aug 2019 09:25:26 GMT" time="38.483" errors="0">
  <testcase name="discontinueTasks" time="38.483" classname="com.bp.saviynt.ADD_Enterprise_Role_Request_SOD"/>
</testsuite> <!-- com.bp.saviynt.ADD_Enterprise_Role_Request_SOD -->
