<?xml version="1.0" encoding="UTF-8"?>
<!-- Generated by org.testng.reporters.JUnitReportReporter -->
<testsuite skipped="0" hostname="DESKTOP-HBAN9NH" name="com.bp.saviynt.UMT_RequestApplicationSpecificRoleTest" tests="2" failures="0" timestamp="05 Aug 2019 09:42:32 GMT" time="206.794" errors="0">
  <testcase name="requestApplicationSpecificRole" time="116.616" classname="com.bp.saviynt.UMT_RequestApplicationSpecificRoleTest"/>
  <testcase name="viewRequestHistoryTest" time="90.178" classname="com.bp.saviynt.UMT_RequestApplicationSpecificRoleTest"/>
</testsuite> <!-- com.bp.saviynt.UMT_RequestApplicationSpecificRoleTest -->
