<?xml version="1.0" encoding="UTF-8"?>
<!-- Generated by org.testng.reporters.JUnitReportReporter -->
<testsuite skipped="0" hostname="Prosenjit" name="com.maven.test.TestCase" tests="1" failures="0" timestamp="20 Sep 2018 11:19:40 GMT" time="52.643" errors="0">
  <testcase name="TC" time="52.643" classname="com.maven.test.TestCase"/>
</testsuite> <!-- com.maven.test.TestCase -->
