<?xml version="1.0" encoding="UTF-8"?>
<!-- Generated by org.testng.reporters.JUnitReportReporter -->
<testsuite skipped="0" hostname="DESKTOP-HBAN9NH" name="com.bp.saviynt.Validate_AddMitigatingControlButton_TaskHistory_ForERoles" tests="3" failures="0" timestamp="01 Aug 2019 07:10:31 GMT" time="642.816" errors="0">
  <testcase name="createRequestForSODApprovalTest" time="132.811" classname="com.bp.saviynt.Validate_AddMitigatingControlButton_TaskHistory_ForERoles"/>
  <testcase name="requestApprovalByRoleApproverAndTrainingApprover" time="344.441" classname="com.bp.saviynt.Validate_AddMitigatingControlButton_TaskHistory_ForERoles"/>
  <testcase name="requestApprovalBySODApprover" time="165.564" classname="com.bp.saviynt.Validate_AddMitigatingControlButton_TaskHistory_ForERoles"/>
</testsuite> <!-- com.bp.saviynt.Validate_AddMitigatingControlButton_TaskHistory_ForERoles -->
