<?xml version="1.0" encoding="UTF-8"?>
<!-- Generated by org.testng.reporters.JUnitReportReporter -->
<testsuite skipped="0" hostname="Prosenjit" name="com.bp.saviynt.TC_Check" tests="1" failures="0" timestamp="28 Sep 2018 09:09:59 GMT" time="30.868" errors="0">
  <testcase name="TC111" time="30.868" classname="com.bp.saviynt.TC_Check"/>
</testsuite> <!-- com.bp.saviynt.TC_Check -->
