<?xml version="1.0" encoding="UTF-8"?>
<!-- Generated by org.testng.reporters.JUnitReportReporter -->
<testsuite skipped="0" hostname="DESKTOP-HBAN9NH" name="com.bp.saviynt.ViewExistingAccessTest" tests="1" failures="0" timestamp="30 Jul 2019 07:13:02 GMT" time="35.429" errors="0">
  <testcase name="viewExistingAccess" time="35.429" classname="com.bp.saviynt.ViewExistingAccessTest"/>
</testsuite> <!-- com.bp.saviynt.ViewExistingAccessTest -->
