<?xml version="1.0" encoding="UTF-8"?>
<!-- Generated by org.testng.reporters.JUnitReportReporter -->
<testsuite skipped="0" hostname="DESKTOP-HBAN9NH" name="com.bp.saviynt.ADD_Enterprise_Role_Request_Basic_Test" tests="4" failures="0" timestamp="27 Mar 2019 09:28:20 GMT" time="744.702" errors="1">
  <testcase name="sendReport" time="102.560" classname="com.bp.saviynt.ADD_Enterprise_Role_Request_Basic_Test">
    <error type="org.apache.commons.mail.EmailException" message="Sending the email to the following server failed : smtp.gmail.com:465">
      <![CDATA[org.apache.commons.mail.EmailException: Sending the email to the following server failed : smtp.gmail.com:465
at org.apache.commons.mail.Email.sendMimeMessage(Email.java:1469)
at org.apache.commons.mail.Email.send(Email.java:1496)
at com.bp.lib.SendReport.sendReportToMail(SendReport.java:37)
at com.bp.testbase.TestBase.sendReport(TestBase.java:113)
at sun.reflect.NativeMethodAccessorImpl.invoke0(Native Method)
at sun.reflect.NativeMethodAccessorImpl.invoke(NativeMethodAccessorImpl.java:62)
at sun.reflect.DelegatingMethodAccessorImpl.invoke(DelegatingMethodAccessorImpl.java:43)
at java.lang.reflect.Method.invoke(Method.java:498)
at org.testng.internal.MethodInvocationHelper.invokeMethod(MethodInvocationHelper.java:124)
at org.testng.internal.MethodInvocationHelper.invokeMethodConsideringTimeout(MethodInvocationHelper.java:59)
at org.testng.internal.Invoker.invokeConfigurationMethod(Invoker.java:455)
at org.testng.internal.Invoker.invokeConfigurations(Invoker.java:222)
at org.testng.internal.Invoker.invokeConfigurations(Invoker.java:142)
at org.testng.SuiteRunner.privateRun(SuiteRunner.java:425)
at org.testng.SuiteRunner.run(SuiteRunner.java:364)
at org.testng.SuiteRunnerWorker.runSuite(SuiteRunnerWorker.java:52)
at org.testng.SuiteRunnerWorker.run(SuiteRunnerWorker.java:84)
at org.testng.TestNG.runSuitesSequentially(TestNG.java:1208)
at org.testng.TestNG.runSuitesLocally(TestNG.java:1137)
at org.testng.TestNG.runSuites(TestNG.java:1049)
at org.testng.TestNG.run(TestNG.java:1017)
at org.testng.remote.AbstractRemoteTestNG.run(AbstractRemoteTestNG.java:114)
at org.testng.remote.RemoteTestNG.initAndRun(RemoteTestNG.java:251)
at org.testng.remote.RemoteTestNG.main(RemoteTestNG.java:77)
Caused by: javax.mail.AuthenticationFailedException: 534-5.7.14 <https://accounts.google.com/signin/continue?sarp=1&scc=1&plt=AKgnsbv5
534-5.7.14 SVLJNWZVMaEPiY57rhkCWqUqfslBTusxQSxseCxb5FBZ762B-7r7wrZWylauzMzmLndoBf
534-5.7.14 v3T00zTcTCdy2e328TpW-db2Z2tkaGuZP0pAApKTifoMBRWr7ajOIpksxhGvKWiUkZt-Sk
534-5.7.14 blHPDD1MhnY78b3tL7wfJ84VclCiEMcwlUAltgGstUtqfV6FWCcfDZS_> Please log
534-5.7.14 in via your web browser and then try again.
534-5.7.14  Learn more at
534 5.7.14  https://support.google.com/mail/answer/78754 k51sm1404384edd.32 - gsmtp

at com.sun.mail.smtp.SMTPTransport$Authenticator.authenticate(SMTPTransport.java:932)
at com.sun.mail.smtp.SMTPTransport.authenticate(SMTPTransport.java:843)
at com.sun.mail.smtp.SMTPTransport.protocolConnect(SMTPTransport.java:748)
at javax.mail.Service.connect(Service.java:388)
at javax.mail.Service.connect(Service.java:246)
at javax.mail.Service.connect(Service.java:195)
at javax.mail.Transport.send0(Transport.java:254)
at javax.mail.Transport.send(Transport.java:124)
at org.apache.commons.mail.Email.sendMimeMessage(Email.java:1459)
... 23 more
]]>
    </error>
  </testcase> <!-- sendReport -->
  <testcase name="TC1" time="427.526" classname="com.bp.saviynt.ADD_Enterprise_Role_Request_Basic_Test"/>
  <testcase name="JobTrigger" time="101.118" classname="com.bp.saviynt.ADD_Enterprise_Role_Request_Basic_Test"/>
  <testcase name="validateEndpoints" time="113.498" classname="com.bp.saviynt.ADD_Enterprise_Role_Request_Basic_Test"/>
</testsuite> <!-- com.bp.saviynt.ADD_Enterprise_Role_Request_Basic_Test -->
