<?xml version="1.0" encoding="UTF-8"?>
<!-- Generated by org.testng.reporters.JUnitReportReporter -->
<testsuite skipped="0" hostname="DESKTOP-HBAN9NH" name="com.bp.saviynt.SetUpDelegatesTest" tests="1" failures="0" timestamp="31 Jul 2019 09:07:09 GMT" time="161.121" errors="0">
  <testcase name="setUpDelegates" time="161.121" classname="com.bp.saviynt.SetUpDelegatesTest"/>
</testsuite> <!-- com.bp.saviynt.SetUpDelegatesTest -->
