<?xml version="1.0" encoding="UTF-8"?>
<!-- Generated by org.testng.reporters.JUnitReportReporter -->
<testsuite skipped="0" hostname="DESKTOP-HBAN9NH" name="com.bp.saviynt.UMT_SetUpDelegatesTest" tests="1" failures="0" timestamp="05 Aug 2019 09:42:32 GMT" time="87.308" errors="0">
  <testcase name="setUpDelegatesList" time="87.308" classname="com.bp.saviynt.UMT_SetUpDelegatesTest"/>
</testsuite> <!-- com.bp.saviynt.UMT_SetUpDelegatesTest -->
