<?xml version="1.0" encoding="UTF-8"?>
<!-- Generated by org.testng.reporters.JUnitReportReporter -->
<testsuite skipped="0" hostname="DESKTOP-HBAN9NH" name="com.bp.saviynt.SOD_Recalculation" tests="1" failures="0" timestamp="04 Jul 2019 07:14:24 GMT" time="125.514" errors="0">
  <testcase name="addMitigatingControls" time="125.514" classname="com.bp.saviynt.SOD_Recalculation"/>
</testsuite> <!-- com.bp.saviynt.SOD_Recalculation -->
