<?xml version="1.0" encoding="UTF-8"?>
<!-- Generated by org.testng.reporters.JUnitReportReporter -->
<testsuite skipped="0" hostname="DESKTOP-HBAN9NH" name="com.bp.saviynt.Move_Risk_From_Open_TO_Accepted" tests="1" failures="0" timestamp="23 Aug 2019 07:15:24 GMT" time="160.930" errors="0">
  <testcase name="moveRiskFromOpenToAccepted" time="160.930" classname="com.bp.saviynt.Move_Risk_From_Open_TO_Accepted"/>
</testsuite> <!-- com.bp.saviynt.Move_Risk_From_Open_TO_Accepted -->
