<?xml version="1.0" encoding="UTF-8"?>
<!-- Generated by org.testng.reporters.JUnitReportReporter -->
<testsuite skipped="0" hostname="DESKTOP-HBAN9NH" name="com.bp.saviynt.BP1LicenseManagementTest_TechRule1" tests="2" failures="0" timestamp="2019-11-18T13:47:01 IST" time="275.593" errors="0">
  <testcase name="checkUserStatusAndUpdateTest" time="133.509" classname="com.bp.saviynt.BP1LicenseManagementTest_TechRule1"/>
  <testcase name="changeEmployeeStatusAndUpdateUserTest" time="142.084" classname="com.bp.saviynt.BP1LicenseManagementTest_TechRule1"/>
</testsuite> <!-- com.bp.saviynt.BP1LicenseManagementTest_TechRule1 -->
