<?xml version="1.0" encoding="UTF-8"?>
<!-- Generated by org.testng.reporters.JUnitReportReporter -->
<testsuite skipped="0" hostname="DESKTOP-HBAN9NH" name="com.bp.saviynt.WelcomeMessageAndHomePageTest" tests="2" failures="0" timestamp="20 Jun 2019 11:16:35 GMT" time="135.733" errors="0">
  <testcase name="createEndUser" time="85.528" classname="com.bp.saviynt.WelcomeMessageAndHomePageTest"/>
  <testcase name="verifyWelcomeMessage" time="50.205" classname="com.bp.saviynt.WelcomeMessageAndHomePageTest"/>
</testsuite> <!-- com.bp.saviynt.WelcomeMessageAndHomePageTest -->
