<?xml version="1.0" encoding="UTF-8"?>
<!-- Generated by org.testng.reporters.JUnitReportReporter -->
<testsuite skipped="0" hostname="DESKTOP-HBAN9NH" name="com.bp.saviynt.Validate_AddMitigatingControlButton_TaskHistory_For_ASPRoles" tests="1" failures="0" timestamp="01 Aug 2019 08:02:25 GMT" time="378.658" errors="0">
  <testcase name="createRequestForApplicationSpecificRoleAndRoleApproval" time="378.658" classname="com.bp.saviynt.Validate_AddMitigatingControlButton_TaskHistory_For_ASPRoles"/>
</testsuite> <!-- com.bp.saviynt.Validate_AddMitigatingControlButton_TaskHistory_For_ASPRoles -->
