<?xml version="1.0" encoding="UTF-8"?>
<!-- Generated by org.testng.reporters.JUnitReportReporter -->
<testsuite skipped="0" hostname="DESKTOP-HBAN9NH" name="com.bp.saviynt.RequestEnterpriseRoleTest" tests="2" failures="0" timestamp="05 Aug 2019 09:42:32 GMT" time="151.041" errors="0">
  <testcase name="enterpriseRoleRequestTest" time="88.915" classname="com.bp.saviynt.RequestEnterpriseRoleTest"/>
  <testcase name="viewRequestHistoryTest" time="62.126" classname="com.bp.saviynt.RequestEnterpriseRoleTest"/>
</testsuite> <!-- com.bp.saviynt.RequestEnterpriseRoleTest -->
