<?xml version="1.0" encoding="UTF-8"?>
<!-- Generated by org.testng.reporters.JUnitReportReporter -->
<testsuite skipped="0" hostname="DESKTOP-HBAN9NH" name="com.bp.saviynt.Existing_User_Remove_Salesforce_Application_Access" tests="3" failures="0" timestamp="21 Jan 2019 06:32:47 GMT" time="259.998" errors="0">
  <testcase name="createRequestAndEndpointApprove" time="75.781" classname="com.bp.saviynt.Existing_User_Remove_Salesforce_Application_Access"/>
  <testcase name="scheduleJob" time="111.250" classname="com.bp.saviynt.Existing_User_Remove_Salesforce_Application_Access"/>
  <testcase name="validateEntitlements" time="72.967" classname="com.bp.saviynt.Existing_User_Remove_Salesforce_Application_Access"/>
</testsuite> <!-- com.bp.saviynt.Existing_User_Remove_Salesforce_Application_Access -->
