<?xml version="1.0" encoding="UTF-8"?>
<!-- Generated by org.testng.reporters.JUnitReportReporter -->
<testsuite skipped="0" hostname="DESKTOP-HBAN9NH" name="com.bp.saviynt.BP1LicenseManagementTest_TechRule4" tests="1" failures="0" timestamp="2019-11-12T16:24:39 IST" time="64.451" errors="0">
  <testcase name="BP1LicenseManagementTest" time="64.451" classname="com.bp.saviynt.BP1LicenseManagementTest_TechRule4"/>
</testsuite> <!-- com.bp.saviynt.BP1LicenseManagementTest_TechRule4 -->
