<?xml version="1.0" encoding="UTF-8"?>
<!-- Generated by org.testng.reporters.JUnitReportReporter -->
<testsuite skipped="0" hostname="DESKTOP-HBAN9NH" name="com.bp.saviynt.WelcomeMessageAndHomePageValidation" tests="2" failures="0" timestamp="08 Aug 2019 06:30:11 GMT" time="155.413" errors="0">
  <testcase name="createEndUser" time="101.934" classname="com.bp.saviynt.WelcomeMessageAndHomePageValidation"/>
  <testcase name="verifyWelcomeMessage" time="53.479" classname="com.bp.saviynt.WelcomeMessageAndHomePageValidation"/>
</testsuite> <!-- com.bp.saviynt.WelcomeMessageAndHomePageValidation -->
