<?xml version="1.0" encoding="UTF-8"?>
<!-- Generated by org.testng.reporters.JUnitReportReporter -->
<testsuite skipped="0" hostname="DESKTOP-HBAN9NH" name="com.bp.saviynt.Existing_User_Remove_Salesforce_Application_Access" tests="3" failures="0" timestamp="02 Apr 2019 10:11:05 GMT" time="262.709" errors="0">
  <testcase name="createRequestAndEndpointApprove" time="80.320" classname="com.bp.saviynt.Existing_User_Remove_Salesforce_Application_Access"/>
  <testcase name="scheduleJob" time="102.966" classname="com.bp.saviynt.Existing_User_Remove_Salesforce_Application_Access"/>
  <testcase name="validateEntitlements" time="79.423" classname="com.bp.saviynt.Existing_User_Remove_Salesforce_Application_Access"/>
</testsuite> <!-- com.bp.saviynt.Existing_User_Remove_Salesforce_Application_Access -->
