<?xml version="1.0" encoding="UTF-8"?>
<!-- Generated by org.testng.reporters.JUnitReportReporter -->
<testsuite skipped="0" hostname="DESKTOP-HBAN9NH" name="com.bp.saviynt.GEMS_NewAccount_UPNProvided_NoMailBox_Test" tests="1" failures="0" timestamp="2019-12-27T14:29:15 IST" time="73.285" errors="0">
  <testcase name="addUPNToNewUserTest" time="73.285" classname="com.bp.saviynt.GEMS_NewAccount_UPNProvided_NoMailBox_Test"/>
</testsuite> <!-- com.bp.saviynt.GEMS_NewAccount_UPNProvided_NoMailBox_Test -->
