<?xml version="1.0" encoding="UTF-8"?>
<!-- Generated by org.testng.reporters.JUnitReportReporter -->
<testsuite skipped="0" hostname="DESKTOP-HBAN9NH" name="com.bp.saviynt.Add_Enterprise_Role_R6" tests="4" failures="0" timestamp="18 Mar 2019 05:14:58 GMT" time="277.479" errors="0">
  <testcase name="createEndUser" time="96.548" classname="com.bp.saviynt.Add_Enterprise_Role_R6"/>
  <testcase name="createRequestAndRoleApproval" time="91.970" classname="com.bp.saviynt.Add_Enterprise_Role_R6"/>
  <testcase name="scheduleJob" time="52.415" classname="com.bp.saviynt.Add_Enterprise_Role_R6"/>
  <testcase name="validateEntitlements" time="36.546" classname="com.bp.saviynt.Add_Enterprise_Role_R6"/>
</testsuite> <!-- com.bp.saviynt.Add_Enterprise_Role_R6 -->
