<?xml version="1.0" encoding="UTF-8"?>
<!-- Generated by org.testng.reporters.JUnitReportReporter -->
<testsuite skipped="0" hostname="DESKTOP-HBAN9NH" name="com.bp.saviynt.GEMS_ExistingUser_AddRemoteMailBoxTest" tests="1" failures="0" timestamp="2019-12-27T14:50:36 IST" time="67.077" errors="0">
  <testcase name="addRemoteMailBoxTest" time="67.077" classname="com.bp.saviynt.GEMS_ExistingUser_AddRemoteMailBoxTest"/>
</testsuite> <!-- com.bp.saviynt.GEMS_ExistingUser_AddRemoteMailBoxTest -->
