<?xml version="1.0" encoding="UTF-8"?>
<!-- Generated by org.testng.reporters.JUnitReportReporter -->
<testsuite skipped="0" hostname="DESKTOP-HBAN9NH" name="com.bp.saviynt.Existing_User_Remove_Salesforce_Application_Access" tests="3" failures="0" timestamp="14 Feb 2019 06:00:21 GMT" time="143.956" errors="0">
  <testcase name="createRequestAndEndpointApprove" time="50.590" classname="com.bp.saviynt.Existing_User_Remove_Salesforce_Application_Access"/>
  <testcase name="scheduleJob" time="53.471" classname="com.bp.saviynt.Existing_User_Remove_Salesforce_Application_Access"/>
  <testcase name="validateEntitlements" time="39.895" classname="com.bp.saviynt.Existing_User_Remove_Salesforce_Application_Access"/>
</testsuite> <!-- com.bp.saviynt.Existing_User_Remove_Salesforce_Application_Access -->
