<?xml version="1.0" encoding="UTF-8"?>
<!-- Generated by org.testng.reporters.JUnitReportReporter -->
<testsuite skipped="0" hostname="DESKTOP-HBAN9NH" name="com.bp.saviynt.Assign_Mitigating_Control_Test_ASP" tests="4" failures="0" timestamp="01 Aug 2019 10:06:19 GMT" time="237.415" errors="0">
  <testcase name="addMitigatingControlC101" time="58.743" classname="com.bp.saviynt.Assign_Mitigating_Control_Test_ASP"/>
  <testcase name="checkRequestStatus" time="48.862" classname="com.bp.saviynt.Assign_Mitigating_Control_Test_ASP"/>
  <testcase name="addMitigatingControlF103" time="64.358" classname="com.bp.saviynt.Assign_Mitigating_Control_Test_ASP"/>
  <testcase name="checkMitigatingControl" time="65.452" classname="com.bp.saviynt.Assign_Mitigating_Control_Test_ASP"/>
</testsuite> <!-- com.bp.saviynt.Assign_Mitigating_Control_Test_ASP -->
