<?xml version="1.0" encoding="UTF-8"?>
<!-- Generated by org.testng.reporters.JUnitReportReporter -->
<testsuite skipped="0" hostname="DESKTOP-HBAN9NH" name="com.bp.saviynt.RequestEnterpriseRoleTest" tests="2" failures="0" timestamp="20 Jun 2019 11:16:35 GMT" time="141.666" errors="0">
  <testcase name="enterpriseRoleRequestTest" time="86.944" classname="com.bp.saviynt.RequestEnterpriseRoleTest"/>
  <testcase name="viewRequestHistoryTest" time="54.722" classname="com.bp.saviynt.RequestEnterpriseRoleTest"/>
</testsuite> <!-- com.bp.saviynt.RequestEnterpriseRoleTest -->
