<?xml version="1.0" encoding="UTF-8"?>
<!-- Generated by org.testng.reporters.JUnitReportReporter -->
<testsuite skipped="0" hostname="DESKTOP-HBAN9NH" name="com.bp.saviynt.Existing_User_Modify_Account" tests="3" failures="0" timestamp="16 Aug 2019 07:48:59 GMT" time="184.402" errors="0">
  <testcase name="createRequestAndEndpointApprove" time="97.803" classname="com.bp.saviynt.Existing_User_Modify_Account"/>
  <testcase name="scheduleJob" time="49.134" classname="com.bp.saviynt.Existing_User_Modify_Account"/>
  <testcase name="validateEntitlements" time="37.465" classname="com.bp.saviynt.Existing_User_Modify_Account"/>
</testsuite> <!-- com.bp.saviynt.Existing_User_Modify_Account -->
