<?xml version="1.0" encoding="UTF-8"?>
<!-- Generated by org.testng.reporters.JUnitReportReporter -->
<testsuite skipped="0" hostname="DESKTOP-HBAN9NH" name="com.bp.saviynt.RequestApplicationSpecificRoleTest" tests="2" failures="0" timestamp="20 Jun 2019 11:16:34 GMT" time="341.307" errors="0">
  <testcase name="RequestApplicatonSpecificRoles" time="166.130" classname="com.bp.saviynt.RequestApplicationSpecificRoleTest"/>
  <testcase name="viewRequestHistoryTest" time="175.177" classname="com.bp.saviynt.RequestApplicationSpecificRoleTest"/>
</testsuite> <!-- com.bp.saviynt.RequestApplicationSpecificRoleTest -->
