<?xml version="1.0" encoding="UTF-8"?>
<!-- Generated by org.testng.reporters.JUnitReportReporter -->
<testsuite skipped="0" hostname="DESKTOP-HBAN9NH" name="com.bp.saviynt.NewUser_Add_Group_Permission_Profile" tests="4" failures="0" timestamp="02 Apr 2019 10:11:04 GMT" time="510.049" errors="0">
  <testcase name="createEndUser" time="130.426" classname="com.bp.saviynt.NewUser_Add_Group_Permission_Profile"/>
  <testcase name="createRequestAndEndpointApprove" time="164.548" classname="com.bp.saviynt.NewUser_Add_Group_Permission_Profile"/>
  <testcase name="scheduleJob" time="128.655" classname="com.bp.saviynt.NewUser_Add_Group_Permission_Profile"/>
  <testcase name="validateEntitlements" time="86.420" classname="com.bp.saviynt.NewUser_Add_Group_Permission_Profile"/>
</testsuite> <!-- com.bp.saviynt.NewUser_Add_Group_Permission_Profile -->
