<?xml version="1.0" encoding="UTF-8"?>
<!-- Generated by org.testng.reporters.JUnitReportReporter -->
<testsuite skipped="0" hostname="DESKTOP-HBAN9NH" name="com.bp.saviynt.UMT_ViewExistingAccessTest" tests="1" failures="0" timestamp="05 Aug 2019 09:42:32 GMT" time="56.582" errors="0">
  <testcase name="viewExisitingTest" time="56.582" classname="com.bp.saviynt.UMT_ViewExistingAccessTest"/>
</testsuite> <!-- com.bp.saviynt.UMT_ViewExistingAccessTest -->
