<?xml version="1.0" encoding="UTF-8"?>
<!-- Generated by org.testng.reporters.JUnitReportReporter -->
<testsuite skipped="0" hostname="DESKTOP-HBAN9NH" name="com.bp.saviynt.Forward_SOD_Access_Request_ER" tests="4" failures="0" timestamp="19 Jun 2019 07:43:16 GMT" time="695.700" errors="0">
  <testcase name="createEndUser" time="104.418" classname="com.bp.saviynt.Forward_SOD_Access_Request_ER"/>
  <testcase name="createRequestForSodRolesandRoleApproval" time="465.592" classname="com.bp.saviynt.Forward_SOD_Access_Request_ER"/>
  <testcase name="forwardSODRequest" time="77.713" classname="com.bp.saviynt.Forward_SOD_Access_Request_ER"/>
  <testcase name="verifyForwardedSODRequest" time="47.977" classname="com.bp.saviynt.Forward_SOD_Access_Request_ER"/>
</testsuite> <!-- com.bp.saviynt.Forward_SOD_Access_Request_ER -->
