<?xml version="1.0" encoding="UTF-8"?>
<!-- Generated by org.testng.reporters.JUnitReportReporter -->
<testsuite skipped="0" hostname="DESKTOP-HBAN9NH" name="com.bp.saviynt.SaviyntAnalytics_CreateAnalyticsTest" tests="1" failures="0" timestamp="2020-01-08T17:47:23 IST" time="69.602" errors="0">
  <testcase name="createAndViewReportTest" time="69.602" classname="com.bp.saviynt.SaviyntAnalytics_CreateAnalyticsTest"/>
</testsuite> <!-- com.bp.saviynt.SaviyntAnalytics_CreateAnalyticsTest -->
