<?xml version="1.0" encoding="UTF-8"?>
<!-- Generated by org.testng.reporters.JUnitReportReporter -->
<testsuite skipped="0" hostname="DESKTOP-HBAN9NH" name="com.bp.saviynt.Add_Enterprise_Role_R7" tests="3" failures="0" timestamp="18 Mar 2019 05:15:40 GMT" time="167.661" errors="0">
  <testcase name="createRequestAndRoleApproval" time="83.792" classname="com.bp.saviynt.Add_Enterprise_Role_R7"/>
  <testcase name="scheduleJob" time="47.242" classname="com.bp.saviynt.Add_Enterprise_Role_R7"/>
  <testcase name="validateEntitlements" time="36.627" classname="com.bp.saviynt.Add_Enterprise_Role_R7"/>
</testsuite> <!-- com.bp.saviynt.Add_Enterprise_Role_R7 -->
