<?xml version="1.0" encoding="UTF-8"?>
<!-- Generated by org.testng.reporters.JUnitReportReporter -->
<testsuite skipped="0" hostname="DESKTOP-HBAN9NH" name="com.bp.saviynt.EndUserCreation" tests="1" failures="0" timestamp="11 Mar 2019 10:40:58 GMT" time="24.969" errors="0">
  <testcase name="createEndUser" time="24.969" classname="com.bp.saviynt.EndUserCreation"/>
</testsuite> <!-- com.bp.saviynt.EndUserCreation -->
