<?xml version="1.0" encoding="UTF-8"?>
<!-- Generated by org.testng.reporters.JUnitReportReporter -->
<testsuite skipped="0" hostname="DESKTOP-HBAN9NH" name="com.bp.saviynt.NewUser_Add_Group_Permission_Profile" tests="4" failures="0" timestamp="01 Apr 2019 05:35:05 GMT" time="271.530" errors="0">
  <testcase name="createEndUser" time="85.634" classname="com.bp.saviynt.NewUser_Add_Group_Permission_Profile"/>
  <testcase name="createRequestAndEndpointApprove" time="89.761" classname="com.bp.saviynt.NewUser_Add_Group_Permission_Profile"/>
  <testcase name="scheduleJob" time="54.020" classname="com.bp.saviynt.NewUser_Add_Group_Permission_Profile"/>
  <testcase name="validateEntitlements" time="42.115" classname="com.bp.saviynt.NewUser_Add_Group_Permission_Profile"/>
</testsuite> <!-- com.bp.saviynt.NewUser_Add_Group_Permission_Profile -->
