<?xml version="1.0" encoding="UTF-8"?>
<!-- Generated by org.testng.reporters.JUnitReportReporter -->
<testsuite skipped="0" hostname="DESKTOP-A4JAS9F" name="com.bp.saviynt.ADD_Enterprise_Role_Request_Basic_Test" tests="2" failures="0" timestamp="25 Oct 2018 06:40:15 GMT" time="320.077" errors="0">
  <testcase name="TC1" time="260.775" classname="com.bp.saviynt.ADD_Enterprise_Role_Request_Basic_Test"/>
  <testcase name="JobTrigger" time="59.302" classname="com.bp.saviynt.ADD_Enterprise_Role_Request_Basic_Test"/>
</testsuite> <!-- com.bp.saviynt.ADD_Enterprise_Role_Request_Basic_Test -->
